\BOOKMARK [1][-]{section.1}{\376\377\166\321\155\113\166\356\150\007}{}% 1
\BOOKMARK [1][-]{section.2}{\376\377\166\321\155\113\145\271\150\110}{}% 2
\BOOKMARK [2][-]{subsection.2.1}{\376\377\166\321\155\113\136\003\160\271}{section.2}% 3
\BOOKMARK [2][-]{subsection.2.2}{\376\377\166\321\155\113\145\366\225\364}{section.2}% 4
\BOOKMARK [2][-]{subsection.2.3}{\376\377\150\067\124\301\221\307\226\306\116\016\117\335\133\130}{section.2}% 5
\BOOKMARK [2][-]{subsection.2.4}{\376\377\150\067\124\301\131\004\164\006\116\016\155\113\133\232}{section.2}% 6
\BOOKMARK [2][-]{subsection.2.5}{\376\377\215\050\221\317\117\335\213\301}{section.2}% 7
\BOOKMARK [3][-]{subsubsection.2.5.1}{\376\377\215\050\221\317\117\335\213\301\117\123\174\373\147\204\136\372}{subsection.2.5}% 8
\BOOKMARK [3][-]{subsubsection.2.5.2}{\376\377\221\307\150\067\217\307\172\013\215\050\221\317\143\247\122\066}{subsection.2.5}% 9
\BOOKMARK [3][-]{subsubsection.2.5.3}{\376\377\133\236\232\214\133\244\122\006\147\220\215\050\221\317\143\247\122\066}{subsection.2.5}% 10
\BOOKMARK [1][-]{section.3}{\376\377\145\160\143\156\131\004\164\006}{}% 11
\BOOKMARK [2][-]{subsection.3.1}{\376\377\145\160\143\156\230\204\131\004\164\006}{section.3}% 12
\BOOKMARK [2][-]{subsection.3.2}{\376\377\145\160\143\156\117\356\145\071}{section.3}% 13
\BOOKMARK [2][-]{subsection.3.3}{\376\377\145\160\143\156\156\005\155\027}{section.3}% 14
\BOOKMARK [1][-]{section.4}{\376\377\166\321\155\113\176\323\147\234\116\016\213\250\213\272}{}% 15
\BOOKMARK [2][-]{subsection.4.1}{\376\377\166\321\155\113\145\160\143\156\116\345\123\312\215\050\221\317\122\006\147\220}{section.4}% 16
\BOOKMARK [2][-]{subsection.4.2}{\376\377\145\366\172\172\122\006\136\003\211\304\137\213\122\006\147\220}{section.4}% 17
\BOOKMARK [3][-]{subsubsection.4.2.1}{\376\377\172\172\225\364\122\006\136\003\211\304\137\213\122\006\147\220}{subsection.4.2}% 18
\BOOKMARK [3][-]{subsubsection.4.2.2}{\376\377\145\366\225\364\122\006\136\003\211\304\137\213\122\006\147\220}{subsection.4.2}% 19
\BOOKMARK [2][-]{subsection.4.3}{\376\377\213\250\213\272\116\016\136\372\213\256}{section.4}% 20
\BOOKMARK [1][-]{section.5}{\376\377\176\323\213\272}{}% 21
